WorkManager/app/build/intermediates/manifest_merge_blame_file/debug/manifest-merger-blame-debug-report.txt
1<?xml version="1.0" encoding="utf-8"?>
2<manifest xmlns:android="http://schemas.android.com/apk/res/android"
3    package="com.example.workmanager"
4    android:versionCode="1"
5    android:versionName="1.0" >
6
7    <uses-sdk
8        android:minSdkVersion="24"
8-->src/main/AndroidManifest.xml
9        android:targetSdkVersion="31" />
9-->src/main/AndroidManifest.xml
10
11    <uses-permission android:name="android.permission.INTERNET" />
11-->src/main/AndroidManifest.xml:5:5-66
11-->src/main/AndroidManifest.xml:5:22-64
12    <uses-permission android:name="android.permission.WAKE_LOCK" />
12-->[androidx.work:work-runtime:2.5.0] AndroidManifest.xml:25:5-68
12-->[androidx.work:work-runtime:2.5.0] AndroidManifest.xml:25:22-65
13    <uses-permission android:name="android.permission.ACCESS_NETWORK_STATE" />
13-->[androidx.work:work-runtime:2.5.0] AndroidManifest.xml:26:5-79
13-->[androidx.work:work-runtime:2.5.0] AndroidManifest.xml:26:22-76
14    <uses-permission android:name="android.permission.RECEIVE_BOOT_COMPLETED" />
14-->[androidx.work:work-runtime:2.5.0] AndroidManifest.xml:27:5-81
14-->[androidx.work:work-runtime:2.5.0] AndroidManifest.xml:27:22-78
15    <uses-permission android:name="android.permission.FOREGROUND_SERVICE" />
15-->[androidx.work:work-runtime:2.5.0] AndroidManifest.xml:28:5-77
15-->[androidx.work:work-runtime:2.5.0] AndroidManifest.xml:28:22-74
16
17    <application
17-->src/main/AndroidManifest.xml:6:5-22:19
18        android:allowBackup="true"
18-->src/main/AndroidManifest.xml:7:9-35
19        android:appComponentFactory="androidx.core.app.CoreComponentFactory"
19-->[androidx.core:core:1.6.0] AndroidManifest.xml:24:18-86
20        android:debuggable="true"
21        android:extractNativeLibs="false"
22        android:icon="@mipmap/ic_launcher"
22-->src/main/AndroidManifest.xml:8:9-43
23        android:label="@string/app_name"
23-->src/main/AndroidManifest.xml:9:9-41
24        android:roundIcon="@mipmap/ic_launcher_round"
24-->src/main/AndroidManifest.xml:10:9-54
25        android:supportsRtl="true"
25-->src/main/AndroidManifest.xml:11:9-35
26        android:testOnly="true"
27        android:theme="@style/Theme.WorkManager" >
27-->src/main/AndroidManifest.xml:12:9-49
28        <activity
28-->src/main/AndroidManifest.xml:13:9-21:20
29            android:name="com.example.workmanager.ui.MainActivity"
29-->src/main/AndroidManifest.xml:14:13-44
30            android:exported="true" >
30-->src/main/AndroidManifest.xml:15:13-36
31            <intent-filter>
31-->src/main/AndroidManifest.xml:16:13-20:29
32                <action android:name="android.intent.action.MAIN" />
32-->src/main/AndroidManifest.xml:17:17-69
32-->src/main/AndroidManifest.xml:17:25-66
33
34                <category android:name="android.intent.category.LAUNCHER" />
34-->src/main/AndroidManifest.xml:19:17-77
34-->src/main/AndroidManifest.xml:19:27-74
35            </intent-filter>
36        </activity>
37
38        <provider
38-->[com.squareup.picasso:picasso:2.71828] AndroidManifest.xml:8:9-11:40
39            android:name="com.squareup.picasso.PicassoProvider"
39-->[com.squareup.picasso:picasso:2.71828] AndroidManifest.xml:9:13-64
40            android:authorities="com.example.workmanager.com.squareup.picasso"
40-->[com.squareup.picasso:picasso:2.71828] AndroidManifest.xml:10:13-72
41            android:exported="false" />
41-->[com.squareup.picasso:picasso:2.71828] AndroidManifest.xml:11:13-37
42        <provider
42-->[androidx.work:work-runtime:2.5.0] AndroidManifest.xml:31:9-37:35
43            android:name="androidx.work.impl.WorkManagerInitializer"
43-->[androidx.work:work-runtime:2.5.0] AndroidManifest.xml:32:13-69
44            android:authorities="com.example.workmanager.workmanager-init"
44-->[androidx.work:work-runtime:2.5.0] AndroidManifest.xml:33:13-68
45            android:directBootAware="false"
45-->[androidx.work:work-runtime:2.5.0] AndroidManifest.xml:34:13-44
46            android:exported="false"
46-->[androidx.work:work-runtime:2.5.0] AndroidManifest.xml:35:13-37
47            android:multiprocess="true" />
47-->[androidx.work:work-runtime:2.5.0] AndroidManifest.xml:36:13-40
48
49        <service
49-->[androidx.work:work-runtime:2.5.0] AndroidManifest.xml:39:9-44:35
50            android:name="androidx.work.impl.background.systemalarm.SystemAlarmService"
50-->[androidx.work:work-runtime:2.5.0] AndroidManifest.xml:40:13-88
51            android:directBootAware="false"
51-->[androidx.work:work-runtime:2.5.0] AndroidManifest.xml:41:13-44
52            android:enabled="@bool/enable_system_alarm_service_default"
52-->[androidx.work:work-runtime:2.5.0] AndroidManifest.xml:42:13-72
53            android:exported="false" />
53-->[androidx.work:work-runtime:2.5.0] AndroidManifest.xml:43:13-37
54        <service
54-->[androidx.work:work-runtime:2.5.0] AndroidManifest.xml:45:9-51:35
55            android:name="androidx.work.impl.background.systemjob.SystemJobService"
55-->[androidx.work:work-runtime:2.5.0] AndroidManifest.xml:46:13-84
56            android:directBootAware="false"
56-->[androidx.work:work-runtime:2.5.0] AndroidManifest.xml:47:13-44
57            android:enabled="@bool/enable_system_job_service_default"
57-->[androidx.work:work-runtime:2.5.0] AndroidManifest.xml:48:13-70
58            android:exported="true"
58-->[androidx.work:work-runtime:2.5.0] AndroidManifest.xml:49:13-36
59            android:permission="android.permission.BIND_JOB_SERVICE" />
59-->[androidx.work:work-runtime:2.5.0] AndroidManifest.xml:50:13-69
60        <service
60-->[androidx.work:work-runtime:2.5.0] AndroidManifest.xml:52:9-57:35
61            android:name="androidx.work.impl.foreground.SystemForegroundService"
61-->[androidx.work:work-runtime:2.5.0] AndroidManifest.xml:53:13-81
62            android:directBootAware="false"
62-->[androidx.work:work-runtime:2.5.0] AndroidManifest.xml:54:13-44
63            android:enabled="@bool/enable_system_foreground_service_default"
63-->[androidx.work:work-runtime:2.5.0] AndroidManifest.xml:55:13-77
64            android:exported="false" />
64-->[androidx.work:work-runtime:2.5.0] AndroidManifest.xml:56:13-37
65
66        <receiver
66-->[androidx.work:work-runtime:2.5.0] AndroidManifest.xml:59:9-64:35
67            android:name="androidx.work.impl.utils.ForceStopRunnable$BroadcastReceiver"
67-->[androidx.work:work-runtime:2.5.0] AndroidManifest.xml:60:13-88
68            android:directBootAware="false"
68-->[androidx.work:work-runtime:2.5.0] AndroidManifest.xml:61:13-44
69            android:enabled="true"
69-->[androidx.work:work-runtime:2.5.0] AndroidManifest.xml:62:13-35
70            android:exported="false" />
70-->[androidx.work:work-runtime:2.5.0] AndroidManifest.xml:63:13-37
71        <receiver
71-->[androidx.work:work-runtime:2.5.0] AndroidManifest.xml:65:9-75:20
72            android:name="androidx.work.impl.background.systemalarm.ConstraintProxy$BatteryChargingProxy"
72-->[androidx.work:work-runtime:2.5.0] AndroidManifest.xml:66:13-106
73            android:directBootAware="false"
73-->[androidx.work:work-runtime:2.5.0] AndroidManifest.xml:67:13-44
74            android:enabled="false"
74-->[androidx.work:work-runtime:2.5.0] AndroidManifest.xml:68:13-36
75            android:exported="false" >
75-->[androidx.work:work-runtime:2.5.0] AndroidManifest.xml:69:13-37
76            <intent-filter>
76-->[androidx.work:work-runtime:2.5.0] AndroidManifest.xml:71:13-74:29
77                <action android:name="android.intent.action.ACTION_POWER_CONNECTED" />
77-->[androidx.work:work-runtime:2.5.0] AndroidManifest.xml:72:17-87
77-->[androidx.work:work-runtime:2.5.0] AndroidManifest.xml:72:25-84
78                <action android:name="android.intent.action.ACTION_POWER_DISCONNECTED" />
78-->[androidx.work:work-runtime:2.5.0] AndroidManifest.xml:73:17-90
78-->[androidx.work:work-runtime:2.5.0] AndroidManifest.xml:73:25-87
79            </intent-filter>
80        </receiver>
81        <receiver
81-->[androidx.work:work-runtime:2.5.0] AndroidManifest.xml:76:9-86:20
82            android:name="androidx.work.impl.background.systemalarm.ConstraintProxy$BatteryNotLowProxy"
82-->[androidx.work:work-runtime:2.5.0] AndroidManifest.xml:77:13-104
83            android:directBootAware="false"
83-->[androidx.work:work-runtime:2.5.0] AndroidManifest.xml:78:13-44
84            android:enabled="false"
84-->[androidx.work:work-runtime:2.5.0] AndroidManifest.xml:79:13-36
85            android:exported="false" >
85-->[androidx.work:work-runtime:2.5.0] AndroidManifest.xml:80:13-37
86            <intent-filter>
86-->[androidx.work:work-runtime:2.5.0] AndroidManifest.xml:82:13-85:29
87                <action android:name="android.intent.action.BATTERY_OKAY" />
87-->[androidx.work:work-runtime:2.5.0] AndroidManifest.xml:83:17-77
87-->[androidx.work:work-runtime:2.5.0] AndroidManifest.xml:83:25-74
88                <action android:name="android.intent.action.BATTERY_LOW" />
88-->[androidx.work:work-runtime:2.5.0] AndroidManifest.xml:84:17-76
88-->[androidx.work:work-runtime:2.5.0] AndroidManifest.xml:84:25-73
89            </intent-filter>
90        </receiver>
91        <receiver
91-->[androidx.work:work-runtime:2.5.0] AndroidManifest.xml:87:9-97:20
92            android:name="androidx.work.impl.background.systemalarm.ConstraintProxy$StorageNotLowProxy"
92-->[androidx.work:work-runtime:2.5.0] AndroidManifest.xml:88:13-104
93            android:directBootAware="false"
93-->[androidx.work:work-runtime:2.5.0] AndroidManifest.xml:89:13-44
94            android:enabled="false"
94-->[androidx.work:work-runtime:2.5.0] AndroidManifest.xml:90:13-36
95            android:exported="false" >
95-->[androidx.work:work-runtime:2.5.0] AndroidManifest.xml:91:13-37
96            <intent-filter>
96-->[androidx.work:work-runtime:2.5.0] AndroidManifest.xml:93:13-96:29
97                <action android:name="android.intent.action.DEVICE_STORAGE_LOW" />
97-->[androidx.work:work-runtime:2.5.0] AndroidManifest.xml:94:17-83
97-->[androidx.work:work-runtime:2.5.0] AndroidManifest.xml:94:25-80
98                <action android:name="android.intent.action.DEVICE_STORAGE_OK" />
98-->[androidx.work:work-runtime:2.5.0] AndroidManifest.xml:95:17-82
98-->[androidx.work:work-runtime:2.5.0] AndroidManifest.xml:95:25-79
99            </intent-filter>
100        </receiver>
101        <receiver
101-->[androidx.work:work-runtime:2.5.0] AndroidManifest.xml:98:9-107:20
102            android:name="androidx.work.impl.background.systemalarm.ConstraintProxy$NetworkStateProxy"
102-->[androidx.work:work-runtime:2.5.0] AndroidManifest.xml:99:13-103
103            android:directBootAware="false"
103-->[androidx.work:work-runtime:2.5.0] AndroidManifest.xml:100:13-44
104            android:enabled="false"
104-->[androidx.work:work-runtime:2.5.0] AndroidManifest.xml:101:13-36
105            android:exported="false" >
105-->[androidx.work:work-runtime:2.5.0] AndroidManifest.xml:102:13-37
106            <intent-filter>
106-->[androidx.work:work-runtime:2.5.0] AndroidManifest.xml:104:13-106:29
107                <action android:name="android.net.conn.CONNECTIVITY_CHANGE" />
107-->[androidx.work:work-runtime:2.5.0] AndroidManifest.xml:105:17-79
107-->[androidx.work:work-runtime:2.5.0] AndroidManifest.xml:105:25-76
108            </intent-filter>
109        </receiver>
110        <receiver
110-->[androidx.work:work-runtime:2.5.0] AndroidManifest.xml:108:9-119:20
111            android:name="androidx.work.impl.background.systemalarm.RescheduleReceiver"
111-->[androidx.work:work-runtime:2.5.0] AndroidManifest.xml:109:13-88
112            android:directBootAware="false"
112-->[androidx.work:work-runtime:2.5.0] AndroidManifest.xml:110:13-44
113            android:enabled="false"
113-->[androidx.work:work-runtime:2.5.0] AndroidManifest.xml:111:13-36
114            android:exported="false" >
114-->[androidx.work:work-runtime:2.5.0] AndroidManifest.xml:112:13-37
115            <intent-filter>
115-->[androidx.work:work-runtime:2.5.0] AndroidManifest.xml:114:13-118:29
116                <action android:name="android.intent.action.BOOT_COMPLETED" />
116-->[androidx.work:work-runtime:2.5.0] AndroidManifest.xml:115:17-79
116-->[androidx.work:work-runtime:2.5.0] AndroidManifest.xml:115:25-76
117                <action android:name="android.intent.action.TIME_SET" />
117-->[androidx.work:work-runtime:2.5.0] AndroidManifest.xml:116:17-73
117-->[androidx.work:work-runtime:2.5.0] AndroidManifest.xml:116:25-70
118                <action android:name="android.intent.action.TIMEZONE_CHANGED" />
118-->[androidx.work:work-runtime:2.5.0] AndroidManifest.xml:117:17-81
118-->[androidx.work:work-runtime:2.5.0] AndroidManifest.xml:117:25-78
119            </intent-filter>
120        </receiver>
121        <receiver
121-->[androidx.work:work-runtime:2.5.0] AndroidManifest.xml:120:9-129:20
122            android:name="androidx.work.impl.background.systemalarm.ConstraintProxyUpdateReceiver"
122-->[androidx.work:work-runtime:2.5.0] AndroidManifest.xml:121:13-99
123            android:directBootAware="false"
123-->[androidx.work:work-runtime:2.5.0] AndroidManifest.xml:122:13-44
124            android:enabled="@bool/enable_system_alarm_service_default"
124-->[androidx.work:work-runtime:2.5.0] AndroidManifest.xml:123:13-72
125            android:exported="false" >
125-->[androidx.work:work-runtime:2.5.0] AndroidManifest.xml:124:13-37
126            <intent-filter>
126-->[androidx.work:work-runtime:2.5.0] AndroidManifest.xml:126:13-128:29
127                <action android:name="androidx.work.impl.background.systemalarm.UpdateProxies" />
127-->[androidx.work:work-runtime:2.5.0] AndroidManifest.xml:127:17-98
127-->[androidx.work:work-runtime:2.5.0] AndroidManifest.xml:127:25-95
128            </intent-filter>
129        </receiver>
130        <receiver
130-->[androidx.work:work-runtime:2.5.0] AndroidManifest.xml:130:9-140:20
131            android:name="androidx.work.impl.diagnostics.DiagnosticsReceiver"
131-->[androidx.work:work-runtime:2.5.0] AndroidManifest.xml:131:13-78
132            android:directBootAware="false"
132-->[androidx.work:work-runtime:2.5.0] AndroidManifest.xml:132:13-44
133            android:enabled="true"
133-->[androidx.work:work-runtime:2.5.0] AndroidManifest.xml:133:13-35
134            android:exported="true"
134-->[androidx.work:work-runtime:2.5.0] AndroidManifest.xml:134:13-36
135            android:permission="android.permission.DUMP" >
135-->[androidx.work:work-runtime:2.5.0] AndroidManifest.xml:135:13-57
136            <intent-filter>
136-->[androidx.work:work-runtime:2.5.0] AndroidManifest.xml:137:13-139:29
137                <action android:name="androidx.work.diagnostics.REQUEST_DIAGNOSTICS" />
137-->[androidx.work:work-runtime:2.5.0] AndroidManifest.xml:138:17-88
137-->[androidx.work:work-runtime:2.5.0] AndroidManifest.xml:138:25-85
138            </intent-filter>
139        </receiver>
140
141        <service
141-->[androidx.room:room-runtime:2.2.5] AndroidManifest.xml:25:9-28:40
142            android:name="androidx.room.MultiInstanceInvalidationService"
142-->[androidx.room:room-runtime:2.2.5] AndroidManifest.xml:26:13-74
143            android:directBootAware="true"
143-->[androidx.room:room-runtime:2.2.5] AndroidManifest.xml:27:13-43
144            android:exported="false" />
144-->[androidx.room:room-runtime:2.2.5] AndroidManifest.xml:28:13-37
145    </application>
146
147</manifest>